warning: Git tree '/home/ben/src/commander-blood-tools' is dirty
warning: fields `local_palette`, `captured_at`, `anchor`, `width`, `height`, and `indices` are never read
   --> src/engine.rs:164:5
    |
161 | struct HandSprite {
    |        ---------- fields in this struct
...
164 |     local_palette: Option<Vec<[u8; 3]>>,
    |     ^^^^^^^^^^^^^
...
167 |     captured_at: (i32, i32),
    |     ^^^^^^^^^^^
168 |     /// Cursor hotspot offset into the sprite (cursor - anchor = top-left).
169 |     anchor: (i32, i32),
    |     ^^^^^^
170 |     width: usize,
    |     ^^^^^
171 |     height: usize,
    |     ^^^^^^
172 |     /// Palette-index pixels, 0 = transparent.
173 |     indices: Vec<u8>,
    |     ^^^^^^^
    |
    = note: `HandSprite` has a derived impl for the trait `Clone`, but this is intentionally ignored during dead code analysis
    = note: `#[warn(dead_code)]` (part of `#[warn(unused)]`) on by default

console reached: tb_frame=55 angle=0x28 station=0x0 @ 50406766 steps
REVEALTRACE done
