warning: Git tree '/home/ben/src/commander-blood-tools' is dirty
warning: fields `local_palette`, `captured_at`, `anchor`, `width`, `height`, and `indices` are never read
   --> src/engine.rs:164:5
    |
161 | struct HandSprite {
    |        ---------- fields in this struct
...
164 |     local_palette: Option<Vec<[u8; 3]>>,
    |     ^^^^^^^^^^^^^
...
167 |     captured_at: (i32, i32),
    |     ^^^^^^^^^^^
168 |     /// Cursor hotspot offset into the sprite (cursor - anchor = top-left).
169 |     anchor: (i32, i32),
    |     ^^^^^^
170 |     width: usize,
    |     ^^^^^
171 |     height: usize,
    |     ^^^^^^
172 |     /// Palette-index pixels, 0 = transparent.
173 |     indices: Vec<u8>,
    |     ^^^^^^^
    |
    = note: `HandSprite` has a derived impl for the trait `Clone`, but this is intentionally ignored during dead code analysis
    = note: `#[warn(dead_code)]` (part of `#[warn(unused)]`) on by default

(gate clicked @ 224900000)
--- REAL-GAME BOOT/INTRO TIMELINE (step: event), to 400000000 steps ---
  @    296974  OPEN   D:\blood.sav
  @    299524  OPEN   blood.dat
  @    324058  OPEN   tb.big
  @    324279  OPEN   blood.sav
  @    340361  AUDIO  play 1B @ 6410Hz  <== sound starts
  @    357727  OPEN   CARTE.SPR
  @ 204190309  OPEN   chart.fd
  @ 204588094  OPEN   script1.cod
  @ 204592121  OPEN   script1.bas
  @ 204596279  OPEN   script1.var
  @ 204600568  OPEN   script1.dic
  @ 204605000  OPEN   script1.deb
  @ 206872381  OPEN   btv.spr
  @ 210468686  AUDIO  play 3207B @ 11111Hz  <== sound starts
  @ 215616644  OPEN   descript.des
  @ 215639114  AUDIO  play 6442B @ 11111Hz  <== sound starts
  @ 220280146  AUDIO  play 9936B @ 11111Hz  <== sound starts
  @ 220764231  AUDIO  play 6442B @ 11111Hz  <== sound starts
  @ 225403486  AUDIO  play 9936B @ 11111Hz  <== sound starts
  @ 232561384  AUDIO  play 16384B @ 11111Hz  <== sound starts
  @ 244359635  AUDIO  play 6442B @ 11111Hz  <== sound starts
  @ 248999177  AUDIO  play 9942B @ 11111Hz  <== sound starts
  @ 256159148  AUDIO  play 16384B @ 11111Hz  <== sound starts
  @ 267957814  AUDIO  play 6442B @ 11111Hz  <== sound starts
  @ 272597901  AUDIO  play 9942B @ 11111Hz  <== sound starts
  @ 279758559  AUDIO  play 16384B @ 11111Hz  <== sound starts
  @ 291557467  AUDIO  play 6442B @ 11111Hz  <== sound starts
  @ 296196339  AUDIO  play 9942B @ 11111Hz  <== sound starts
  @ 303356940  AUDIO  play 6442B @ 11111Hz  <== sound starts
  @ 307995839  AUDIO  play 9942B @ 11111Hz  <== sound starts
  @ 315154872  AUDIO  play 16384B @ 11111Hz  <== sound starts
  @ 326953837  AUDIO  play 6442B @ 11111Hz  <== sound starts
  @ 331592473  AUDIO  play 9942B @ 11111Hz  <== sound starts
  @ 338751629  AUDIO  play 16384B @ 11111Hz  <== sound starts
  @ 350549100  AUDIO  play 6442B @ 11111Hz  <== sound starts
  @ 355187788  AUDIO  play 9942B @ 11111Hz  <== sound starts
  @ 362347032  AUDIO  play 16384B @ 11111Hz  <== sound starts
  @ 374146493  AUDIO  play 6442B @ 11111Hz  <== sound starts
  @ 378787714  AUDIO  play 9942B @ 11111Hz  <== sound starts
  @ 385948267  AUDIO  play 16384B @ 11111Hz  <== sound starts
  @ 397747325  AUDIO  play 6442B @ 11111Hz  <== sound starts
total audio-play events: 28
